LOG [2024-09-22T17:46:18.513Z]: Servidor en Linea. Puerto: 3000
LOG [2024-09-22T17:46:18.924Z]: Conexión exitosa a MongoDB
LOG [2024-09-22T17:46:22.921Z]: Producto 123 no existe
LOG [2024-09-22T17:47:02.713Z]: Producto AAAAATestinggg insertado correctamente en DB.
LOG [2024-09-22T17:47:02.713Z]: Producto ID: 7414960226390
LOG [2024-09-22T17:47:02.714Z]: Colecciones: 278872457302,278872490070,279991091286,279989911638,279990501462,279993286742,282433814614
LOG [2024-09-22T17:47:02.716Z]: Asignando producto 7414960226390 a colección 278872457302
LOG [2024-09-22T17:47:03.307Z]: Asignado exitosamente a colección 278872457302
LOG [2024-09-22T17:47:03.307Z]: Asignando producto 7414960226390 a colección 278872490070
LOG [2024-09-22T17:47:03.618Z]: Asignado exitosamente a colección 278872490070
LOG [2024-09-22T17:47:03.618Z]: Asignando producto 7414960226390 a colección 279991091286
LOG [2024-09-22T17:47:03.935Z]: Asignado exitosamente a colección 279991091286
LOG [2024-09-22T17:47:03.935Z]: Asignando producto 7414960226390 a colección 279989911638
LOG [2024-09-22T17:47:04.238Z]: Asignado exitosamente a colección 279989911638
LOG [2024-09-22T17:47:04.239Z]: Asignando producto 7414960226390 a colección 279990501462
LOG [2024-09-22T17:47:04.539Z]: Asignado exitosamente a colección 279990501462
LOG [2024-09-22T17:47:04.539Z]: Asignando producto 7414960226390 a colección 279993286742
LOG [2024-09-22T17:47:06.898Z]: Asignado exitosamente a colección 279993286742
LOG [2024-09-22T17:47:06.898Z]: Asignando producto 7414960226390 a colección 282433814614
LOG [2024-09-22T17:47:07.846Z]: Asignado exitosamente a colección 282433814614
LOG [2024-09-22T17:47:08.192Z]: Producto creado: AAAAATestinggg
LOG [2024-09-22T17:47:09.425Z]: Producto AAAAATestinggg insertado correctamente en DB.
LOG [2024-09-22T17:47:09.425Z]: Producto ID: 7414960259158
LOG [2024-09-22T17:47:09.427Z]: Colecciones: 278872457302,278872490070,279991091286,279989911638,279990501462,279993286742,282433814614
LOG [2024-09-22T17:47:09.429Z]: Asignando producto 7414960259158 a colección 278872457302
LOG [2024-09-22T17:47:09.710Z]: Asignado exitosamente a colección 278872457302
LOG [2024-09-22T17:47:09.710Z]: Asignando producto 7414960259158 a colección 278872490070
LOG [2024-09-22T17:47:10.025Z]: Asignado exitosamente a colección 278872490070
LOG [2024-09-22T17:47:10.025Z]: Asignando producto 7414960259158 a colección 279991091286
LOG [2024-09-22T17:47:10.354Z]: Asignado exitosamente a colección 279991091286
LOG [2024-09-22T17:47:10.355Z]: Asignando producto 7414960259158 a colección 279989911638
LOG [2024-09-22T17:47:10.646Z]: Asignado exitosamente a colección 279989911638
LOG [2024-09-22T17:47:10.646Z]: Asignando producto 7414960259158 a colección 279990501462
LOG [2024-09-22T17:47:10.940Z]: Asignado exitosamente a colección 279990501462
LOG [2024-09-22T17:47:10.940Z]: Asignando producto 7414960259158 a colección 279993286742
LOG [2024-09-22T17:47:11.233Z]: Asignado exitosamente a colección 279993286742
LOG [2024-09-22T17:47:11.233Z]: Asignando producto 7414960259158 a colección 282433814614
LOG [2024-09-22T17:47:11.550Z]: Asignado exitosamente a colección 282433814614
LOG [2024-09-22T17:47:12.035Z]: Producto creado: AAAAATestinggg
LOG [2024-09-22T17:47:14.442Z]: Producto AAAAATestinggg insertado correctamente en DB.
LOG [2024-09-22T17:47:14.442Z]: Producto ID: 7414960324694
LOG [2024-09-22T17:47:14.443Z]: Colecciones: 278872457302,278872490070,279991091286,279989911638,279990501462,279993286742,282433814614
LOG [2024-09-22T17:47:14.445Z]: Asignando producto 7414960324694 a colección 278872457302
LOG [2024-09-22T17:47:14.771Z]: Asignado exitosamente a colección 278872457302
LOG [2024-09-22T17:47:14.772Z]: Asignando producto 7414960324694 a colección 278872490070
LOG [2024-09-22T17:47:16.320Z]: Asignado exitosamente a colección 278872490070
LOG [2024-09-22T17:47:16.321Z]: Asignando producto 7414960324694 a colección 279991091286
LOG [2024-09-22T17:47:18.697Z]: Asignado exitosamente a colección 279991091286
LOG [2024-09-22T17:47:18.697Z]: Asignando producto 7414960324694 a colección 279989911638
LOG [2024-09-22T17:47:19.210Z]: Asignado exitosamente a colección 279989911638
LOG [2024-09-22T17:47:19.210Z]: Asignando producto 7414960324694 a colección 279990501462
LOG [2024-09-22T17:47:19.511Z]: Asignado exitosamente a colección 279990501462
LOG [2024-09-22T17:47:19.511Z]: Asignando producto 7414960324694 a colección 279993286742
LOG [2024-09-22T17:47:19.846Z]: Asignado exitosamente a colección 279993286742
LOG [2024-09-22T17:47:19.846Z]: Asignando producto 7414960324694 a colección 282433814614
LOG [2024-09-22T17:47:20.366Z]: Asignado exitosamente a colección 282433814614
LOG [2024-09-22T17:47:22.280Z]: Producto creado: AAAAATestinggg
LOG [2024-09-23T13:41:36.113Z]: Servidor en Linea. Puerto: 3000
LOG [2024-09-23T13:41:36.854Z]: Conexión exitosa a MongoDB
LOG [2024-09-23T15:30:18.938Z]: Servidor en Linea. Puerto: 3000
LOG [2024-09-23T15:30:19.877Z]: Conexión exitosa a MongoDB
ERROR [2024-09-23T15:31:19.483Z]: Error al obtener productos y colecciones: RequestError: getaddrinfo ENOTFOUND fbaca2-60.myshopify.com
LOG [2024-09-23T15:31:19.486Z]: Error Listando Productos con Colecciones. productController.js getaddrinfo ENOTFOUND fbaca2-60.myshopify.com
LOG [2024-09-23T15:31:19.719Z]: [object Object]
LOG [2024-09-23T15:31:19.722Z]: [object Object]
LOG [2024-09-23T15:31:19.725Z]: [object Object]
LOG [2024-09-23T15:31:19.733Z]: [object Object]
LOG [2024-09-23T15:31:19.735Z]: [object Object]
LOG [2024-09-23T15:31:19.739Z]: [object Object]
LOG [2024-09-23T15:31:19.740Z]: [object Object]
LOG [2024-09-23T15:31:19.744Z]: [object Object]
LOG [2024-09-23T15:31:19.747Z]: [object Object]
LOG [2024-09-23T15:31:19.751Z]: [object Object]
LOG [2024-09-23T15:31:19.753Z]: [object Object]
LOG [2024-09-23T15:31:19.756Z]: [object Object]
LOG [2024-09-23T15:31:19.758Z]: [object Object]
LOG [2024-09-23T15:31:19.759Z]: [object Object]
LOG [2024-09-23T15:31:19.765Z]: [object Object]
LOG [2024-09-23T15:31:19.773Z]: [object Object]
LOG [2024-09-23T15:31:19.774Z]: [object Object]
LOG [2024-09-23T15:31:19.778Z]: [object Object]
LOG [2024-09-23T15:31:19.788Z]: [object Object]
LOG [2024-09-23T15:31:19.796Z]: [object Object]
LOG [2024-09-23T15:31:19.857Z]: [object Object]
LOG [2024-09-23T15:31:19.857Z]: [object Object]
LOG [2024-09-23T15:31:19.921Z]: [object Object]
LOG [2024-09-23T15:31:19.952Z]: [object Object]
LOG [2024-09-23T15:31:19.960Z]: [object Object]
LOG [2024-09-23T15:31:19.967Z]: [object Object]
LOG [2024-09-23T15:31:20.407Z]: [object Object]
LOG [2024-09-23T15:31:20.675Z]: [object Object]
LOG [2024-09-23T15:31:20.772Z]: [object Object]
LOG [2024-09-23T15:31:20.925Z]: [object Object]
LOG [2024-09-23T15:31:20.945Z]: [object Object]
LOG [2024-09-23T15:31:21.364Z]: [object Object]
LOG [2024-09-23T15:31:22.315Z]: [object Object]
LOG [2024-09-23T15:31:22.694Z]: [object Object]
LOG [2024-09-23T15:31:22.708Z]: [object Object]
LOG [2024-09-23T15:31:23.301Z]: [object Object]
LOG [2024-09-23T15:31:23.692Z]: [object Object]
LOG [2024-09-23T15:31:24.221Z]: [object Object]
LOG [2024-09-23T15:31:24.927Z]: [object Object]
LOG [2024-09-23T15:31:25.478Z]: [object Object]
LOG [2024-09-23T15:31:25.771Z]: [object Object]
LOG [2024-09-23T15:31:26.270Z]: [object Object]
LOG [2024-09-23T15:31:26.783Z]: [object Object]
LOG [2024-09-23T15:31:27.707Z]: [object Object]
LOG [2024-09-23T15:31:28.222Z]: [object Object]
LOG [2024-09-23T15:31:28.233Z]: [object Object]
LOG [2024-09-23T15:31:28.730Z]: [object Object]
LOG [2024-09-23T15:31:29.209Z]: [object Object]
LOG [2024-09-23T15:31:30.085Z]: [object Object]
LOG [2024-09-23T15:31:30.732Z]: [object Object]
LOG [2024-09-23T15:31:31.197Z]: [object Object]
LOG [2024-09-23T15:31:32.211Z]: [object Object]
LOG [2024-09-23T15:31:32.212Z]: [object Object]
LOG [2024-09-23T15:31:32.725Z]: [object Object]
LOG [2024-09-23T15:31:32.746Z]: [object Object]
LOG [2024-09-23T15:31:33.956Z]: [object Object]
LOG [2024-09-23T15:31:34.259Z]: [object Object]
LOG [2024-09-23T15:31:34.505Z]: [object Object]
LOG [2024-09-23T15:31:35.184Z]: [object Object]
LOG [2024-09-23T15:31:35.697Z]: [object Object]
LOG [2024-09-23T15:31:35.705Z]: [object Object]
LOG [2024-09-23T15:31:36.217Z]: [object Object]
LOG [2024-09-23T15:31:36.698Z]: [object Object]
LOG [2024-09-23T15:31:37.158Z]: [object Object]
LOG [2024-09-23T15:31:37.693Z]: [object Object]
LOG [2024-09-23T15:31:38.256Z]: [object Object]
LOG [2024-09-23T15:31:39.066Z]: [object Object]
LOG [2024-09-23T15:31:39.183Z]: [object Object]
LOG [2024-09-23T15:31:39.690Z]: [object Object]
LOG [2024-09-23T15:31:40.449Z]: [object Object]
LOG [2024-09-23T15:31:40.710Z]: [object Object]
LOG [2024-09-23T15:31:41.323Z]: [object Object]
LOG [2024-09-23T15:31:41.733Z]: [object Object]
LOG [2024-09-23T15:31:42.249Z]: [object Object]
LOG [2024-09-23T15:31:43.677Z]: [object Object]
LOG [2024-09-23T15:31:43.679Z]: [object Object]
LOG [2024-09-23T15:31:43.718Z]: [object Object]
LOG [2024-09-23T15:31:44.807Z]: [object Object]
LOG [2024-09-23T15:31:45.215Z]: [object Object]
LOG [2024-09-23T15:31:45.517Z]: [object Object]
LOG [2024-09-23T15:31:45.935Z]: [object Object]
LOG [2024-09-23T15:31:46.672Z]: [object Object]
LOG [2024-09-23T15:31:46.708Z]: [object Object]
LOG [2024-09-23T15:31:48.186Z]: [object Object]
LOG [2024-09-23T15:31:48.187Z]: [object Object]
LOG [2024-09-23T15:31:48.187Z]: [object Object]
LOG [2024-09-23T15:31:49.248Z]: [object Object]
LOG [2024-09-23T15:31:49.719Z]: [object Object]
LOG [2024-09-23T15:31:50.233Z]: [object Object]
LOG [2024-09-23T15:31:50.745Z]: [object Object]
LOG [2024-09-23T15:31:50.746Z]: [object Object]
LOG [2024-09-23T15:31:51.791Z]: [object Object]
LOG [2024-09-23T15:31:52.281Z]: [object Object]
LOG [2024-09-23T15:31:52.745Z]: [object Object]
LOG [2024-09-23T15:31:53.189Z]: [object Object]
LOG [2024-09-23T15:31:53.999Z]: [object Object]
LOG [2024-09-23T15:31:54.238Z]: [object Object]
LOG [2024-09-23T15:31:54.691Z]: [object Object]
LOG [2024-09-23T15:31:55.255Z]: [object Object]
LOG [2024-09-23T15:31:56.276Z]: [object Object]
LOG [2024-09-23T15:31:56.663Z]: [object Object]
LOG [2024-09-23T15:31:56.700Z]: [object Object]
LOG [2024-09-23T15:31:56.727Z]: [object Object]
LOG [2024-09-23T15:31:57.314Z]: [object Object]
LOG [2024-09-23T15:31:57.706Z]: [object Object]
LOG [2024-09-23T15:31:58.219Z]: [object Object]
LOG [2024-09-23T15:31:58.954Z]: [object Object]
LOG [2024-09-23T15:31:59.494Z]: [object Object]
LOG [2024-09-23T15:32:00.448Z]: [object Object]
LOG [2024-09-23T15:32:00.654Z]: [object Object]
LOG [2024-09-23T15:32:00.682Z]: [object Object]
LOG [2024-09-23T15:32:01.201Z]: [object Object]
LOG [2024-09-23T15:32:01.665Z]: [object Object]
LOG [2024-09-23T15:32:02.213Z]: [object Object]
LOG [2024-09-23T15:32:02.990Z]: [object Object]
LOG [2024-09-23T15:32:03.238Z]: [object Object]
LOG [2024-09-23T15:32:03.750Z]: [object Object]
LOG [2024-09-23T15:32:04.263Z]: [object Object]
LOG [2024-09-23T15:32:04.701Z]: [object Object]
LOG [2024-09-23T15:32:05.285Z]: [object Object]
LOG [2024-09-23T15:32:06.206Z]: [object Object]
LOG [2024-09-23T15:32:06.722Z]: [object Object]
LOG [2024-09-23T15:32:06.923Z]: [object Object]
LOG [2024-09-23T15:32:07.427Z]: [object Object]
LOG [2024-09-23T15:32:07.685Z]: [object Object]
LOG [2024-09-23T15:32:08.261Z]: [object Object]
LOG [2024-09-23T15:32:08.771Z]: [object Object]
LOG [2024-09-23T15:32:09.513Z]: [object Object]
LOG [2024-09-23T15:32:09.928Z]: [object Object]
LOG [2024-09-23T15:32:10.370Z]: [object Object]
LOG [2024-09-23T15:32:11.230Z]: [object Object]
LOG [2024-09-23T15:32:11.737Z]: [object Object]
LOG [2024-09-23T15:32:11.957Z]: [object Object]
LOG [2024-09-23T15:32:12.774Z]: [object Object]
LOG [2024-09-23T15:32:13.280Z]: [object Object]
LOG [2024-09-23T15:32:13.281Z]: [object Object]
LOG [2024-09-23T15:32:13.689Z]: [object Object]
LOG [2024-09-23T15:32:14.297Z]: [object Object]
LOG [2024-09-23T15:32:14.708Z]: [object Object]
LOG [2024-09-23T15:32:15.219Z]: [object Object]
LOG [2024-09-23T15:32:15.936Z]: [object Object]
LOG [2024-09-23T15:32:16.244Z]: [object Object]
LOG [2024-09-23T15:32:16.753Z]: [object Object]
LOG [2024-09-23T15:32:18.191Z]: [object Object]
LOG [2024-09-23T15:32:18.196Z]: [object Object]
LOG [2024-09-23T15:32:18.660Z]: [object Object]
LOG [2024-09-23T15:32:18.690Z]: [object Object]
LOG [2024-09-23T15:32:19.217Z]: [object Object]
LOG [2024-09-23T15:32:19.725Z]: [object Object]
LOG [2024-09-23T15:32:20.344Z]: [object Object]
LOG [2024-09-23T15:32:20.711Z]: [object Object]
LOG [2024-09-23T15:32:21.241Z]: [object Object]
LOG [2024-09-23T15:32:21.682Z]: [object Object]
LOG [2024-09-23T15:32:22.186Z]: [object Object]
LOG [2024-09-23T15:32:22.693Z]: [object Object]
LOG [2024-09-23T15:32:23.308Z]: [object Object]
LOG [2024-09-23T15:32:23.718Z]: [object Object]
LOG [2024-09-23T15:32:24.424Z]: [object Object]
LOG [2024-09-23T15:32:24.676Z]: [object Object]
LOG [2024-09-23T15:32:25.255Z]: [object Object]
LOG [2024-09-23T15:32:26.771Z]: [object Object]
LOG [2024-09-23T15:32:26.772Z]: [object Object]
LOG [2024-09-23T15:32:27.277Z]: [object Object]
LOG [2024-09-23T15:32:27.795Z]: [object Object]
LOG [2024-09-23T15:32:28.531Z]: [object Object]
LOG [2024-09-23T15:32:28.840Z]: [object Object]
LOG [2024-09-23T15:32:28.840Z]: [object Object]
LOG [2024-09-23T15:32:29.761Z]: [object Object]
LOG [2024-09-23T15:32:30.182Z]: [object Object]
LOG [2024-09-23T15:32:30.189Z]: [object Object]
LOG [2024-09-23T15:32:31.194Z]: [object Object]
LOG [2024-09-23T15:32:31.728Z]: [object Object]
LOG [2024-09-23T15:32:31.928Z]: [object Object]
LOG [2024-09-23T15:32:32.218Z]: [object Object]
LOG [2024-09-23T15:32:32.731Z]: [object Object]
LOG [2024-09-23T15:32:33.244Z]: [object Object]
LOG [2024-09-23T15:32:33.703Z]: [object Object]
LOG [2024-09-23T15:32:34.433Z]: [object Object]
LOG [2024-09-23T15:32:35.712Z]: [object Object]
LOG [2024-09-23T15:32:35.741Z]: [object Object]
LOG [2024-09-23T15:32:36.212Z]: [object Object]
LOG [2024-09-23T15:32:36.212Z]: [object Object]
LOG [2024-09-23T15:32:37.239Z]: [object Object]
LOG [2024-09-23T15:32:37.747Z]: [object Object]
LOG [2024-09-23T15:32:38.540Z]: [object Object]
LOG [2024-09-23T15:32:38.988Z]: [object Object]
LOG [2024-09-23T15:32:39.182Z]: [object Object]
LOG [2024-09-23T15:32:39.904Z]: [object Object]
LOG [2024-09-23T15:32:39.915Z]: [object Object]
LOG [2024-09-23T15:32:40.207Z]: [object Object]
LOG [2024-09-23T15:32:40.657Z]: [object Object]
LOG [2024-09-23T15:32:41.231Z]: [object Object]
LOG [2024-09-23T15:32:41.743Z]: [object Object]
LOG [2024-09-23T15:32:42.252Z]: [object Object]
LOG [2024-09-23T15:32:43.178Z]: [object Object]
LOG [2024-09-23T15:32:43.180Z]: [object Object]
LOG [2024-09-23T15:32:44.306Z]: [object Object]
LOG [2024-09-23T15:32:44.712Z]: [object Object]
LOG [2024-09-23T15:32:44.712Z]: [object Object]
LOG [2024-09-23T15:32:45.202Z]: [object Object]
LOG [2024-09-23T15:32:46.247Z]: [object Object]
LOG [2024-09-23T15:32:46.760Z]: [object Object]
LOG [2024-09-23T15:32:46.766Z]: [object Object]
LOG [2024-09-23T15:32:47.781Z]: [object Object]
LOG [2024-09-23T15:32:48.296Z]: [object Object]
LOG [2024-09-23T15:32:48.296Z]: [object Object]
LOG [2024-09-23T15:32:48.690Z]: [object Object]
LOG [2024-09-23T15:32:49.217Z]: [object Object]
LOG [2024-09-23T15:32:50.000Z]: [object Object]
LOG [2024-09-23T15:32:50.191Z]: [object Object]
LOG [2024-09-23T15:32:50.944Z]: [object Object]
LOG [2024-09-23T15:32:51.177Z]: [object Object]
LOG [2024-09-23T15:32:51.722Z]: [object Object]
LOG [2024-09-23T15:32:52.219Z]: [object Object]
LOG [2024-09-23T15:32:52.911Z]: [object Object]
LOG [2024-09-23T15:32:53.236Z]: [object Object]
LOG [2024-09-23T15:32:54.190Z]: [object Object]
LOG [2024-09-23T15:32:54.698Z]: [object Object]
LOG [2024-09-23T15:32:54.933Z]: [object Object]
LOG [2024-09-23T15:32:55.214Z]: [object Object]
LOG [2024-09-23T15:32:55.718Z]: [object Object]
LOG [2024-09-23T15:32:56.194Z]: [object Object]
LOG [2024-09-23T15:32:56.692Z]: [object Object]
LOG [2024-09-23T15:32:57.450Z]: [object Object]
LOG [2024-09-23T15:32:57.714Z]: [object Object]
LOG [2024-09-23T15:32:58.190Z]: [object Object]
LOG [2024-09-23T15:32:58.851Z]: [object Object]
LOG [2024-09-23T15:32:59.235Z]: [object Object]
LOG [2024-09-23T15:32:59.753Z]: [object Object]
LOG [2024-09-23T15:33:00.405Z]: [object Object]
LOG [2024-09-23T15:33:01.000Z]: [object Object]
LOG [2024-09-23T15:33:01.235Z]: [object Object]
LOG [2024-09-23T15:33:01.680Z]: [object Object]
LOG [2024-09-23T15:33:02.170Z]: [object Object]
LOG [2024-09-23T15:33:02.961Z]: [object Object]
LOG [2024-09-23T15:33:03.226Z]: [object Object]
LOG [2024-09-23T15:33:03.674Z]: [object Object]
LOG [2024-09-23T15:33:04.259Z]: [object Object]
LOG [2024-09-23T15:33:04.700Z]: [object Object]
LOG [2024-09-23T15:33:05.194Z]: [object Object]
LOG [2024-09-23T15:33:05.703Z]: [object Object]
LOG [2024-09-23T15:33:06.444Z]: [object Object]
LOG [2024-09-23T15:33:06.727Z]: [object Object]
LOG [2024-09-23T15:33:07.199Z]: [object Object]
LOG [2024-09-23T15:33:07.752Z]: [object Object]
LOG [2024-09-23T15:33:08.747Z]: [object Object]
LOG [2024-09-23T15:33:09.296Z]: [object Object]
LOG [2024-09-23T15:33:09.296Z]: [object Object]
LOG [2024-09-23T15:33:09.763Z]: [object Object]
LOG [2024-09-23T15:33:10.203Z]: [object Object]
LOG [2024-09-23T15:33:10.689Z]: [object Object]
LOG [2024-09-23T15:36:56.804Z]: Servidor en Linea. Puerto: 3000
LOG [2024-09-23T15:36:58.293Z]: Conexión exitosa a MongoDB
LOG [2024-09-23T15:37:11.555Z]: Servidor en Linea. Puerto: 3000
LOG [2024-09-23T15:37:12.330Z]: Conexión exitosa a MongoDB
LOG [2024-09-23T15:37:41.271Z]: Servidor en Linea. Puerto: 3000
LOG [2024-09-23T15:37:41.966Z]: Conexión exitosa a MongoDB
LOG [2024-09-23T15:38:01.658Z]: Servidor en Linea. Puerto: 3000
LOG [2024-09-23T15:38:02.371Z]: Conexión exitosa a MongoDB
ERROR [2024-09-23T15:38:17.113Z]: Error Listando Productos. productController.js: ENOENT: no such file or directory, open '/Users/marcomussa/Desktop/mw-luvik/clients/JSON_examples/productList.json'
LOG [2024-09-23T15:38:17.113Z]: Error Listando Productos. productController.js Error Listando Productos. productController.js: ENOENT: no such file or directory, open '/Users/marcomussa/Desktop/mw-luvik/clients/JSON_examples/productList.json'
LOG [2024-09-23T15:38:36.189Z]: Servidor en Linea. Puerto: 3000
LOG [2024-09-23T15:38:37.202Z]: Conexión exitosa a MongoDB
LOG [2024-09-23T15:38:40.836Z]: 872
LOG [2024-09-23T15:38:42.703Z]: Servidor en Linea. Puerto: 3000
LOG [2024-09-23T15:38:43.379Z]: Conexión exitosa a MongoDB
LOG [2024-09-23T15:39:23.402Z]: Servidor en Linea. Puerto: 3000
LOG [2024-09-23T15:39:24.343Z]: Conexión exitosa a MongoDB
LOG [2024-09-23T15:44:36.478Z]: Servidor en Linea. Puerto: 3000
LOG [2024-09-23T17:04:16.162Z]: Servidor en Linea. Puerto: 3000
LOG [2024-09-23T17:04:16.987Z]: Conexión exitosa a MongoDB
LOG [2024-09-23T17:04:53.975Z]: Eliminado de la colección 282433814614
LOG [2024-09-23T17:04:54.305Z]: Producto 7413443199062 Actualizado Correctamente en DB.
LOG [2024-09-23T17:04:55.948Z]: Eliminado de la colección 282433814614
LOG [2024-09-23T17:04:56.287Z]: Producto 7413443231830 Actualizado Correctamente en DB.
LOG [2024-09-23T17:04:57.982Z]: Eliminado de la colección 282433814614
LOG [2024-09-23T17:04:58.309Z]: Producto 7413443297366 Actualizado Correctamente en DB.
LOG [2024-09-23T17:04:59.986Z]: Eliminado de la colección 282433814614
LOG [2024-09-23T17:05:00.317Z]: Producto 7413443330134 Actualizado Correctamente en DB.
LOG [2024-09-23T17:06:07.904Z]: Servidor en Linea. Puerto: 3000
LOG [2024-09-23T17:06:08.587Z]: Conexión exitosa a MongoDB
LOG [2024-09-23T17:06:10.759Z]: Producto 7413443199062 Actualizado Correctamente en DB.
LOG [2024-09-23T17:06:12.884Z]: Producto 7413443231830 Actualizado Correctamente en DB.
LOG [2024-09-23T17:06:14.173Z]: Producto 7413443297366 Actualizado Correctamente en DB.
LOG [2024-09-23T17:06:15.337Z]: Producto 7413443330134 Actualizado Correctamente en DB.
LOG [2024-09-23T17:06:16.463Z]: Producto 7413443362902 Actualizado Correctamente en DB.
LOG [2024-09-23T17:06:17.578Z]: Producto 7413443395670 Actualizado Correctamente en DB.
LOG [2024-09-23T17:06:18.747Z]: Producto 7413443428438 Actualizado Correctamente en DB.
LOG [2024-09-23T17:06:19.917Z]: Producto 7413443526742 Actualizado Correctamente en DB.
LOG [2024-09-23T17:06:21.055Z]: Producto 7413443756118 Actualizado Correctamente en DB.
LOG [2024-09-23T17:06:22.214Z]: Producto 7413443821654 Actualizado Correctamente en DB.
LOG [2024-09-23T17:06:23.461Z]: Producto 7413443854422 Actualizado Correctamente en DB.
LOG [2024-09-23T17:06:24.593Z]: Producto 7413443919958 Actualizado Correctamente en DB.
LOG [2024-09-23T17:06:25.673Z]: Producto 7413443952726 Actualizado Correctamente en DB.
LOG [2024-09-23T17:06:26.833Z]: Producto 7413444051030 Actualizado Correctamente en DB.
LOG [2024-09-23T17:06:28.725Z]: Producto 7413444083798 Actualizado Correctamente en DB.
LOG [2024-09-23T17:06:30.068Z]: Producto 7413444116566 Actualizado Correctamente en DB.
LOG [2024-09-23T17:06:31.251Z]: Producto 7413444214870 Actualizado Correctamente en DB.
LOG [2024-09-23T17:06:32.344Z]: Producto 7413444247638 Actualizado Correctamente en DB.
LOG [2024-09-23T17:06:33.473Z]: Producto 7413444280406 Actualizado Correctamente en DB.
LOG [2024-09-23T17:06:34.845Z]: Producto 7413444313174 Actualizado Correctamente en DB.
LOG [2024-09-23T17:06:35.953Z]: Producto 7413444345942 Actualizado Correctamente en DB.
LOG [2024-09-23T17:06:37.191Z]: Producto 7413444378710 Actualizado Correctamente en DB.
LOG [2024-09-23T17:06:38.388Z]: Producto 7413444444246 Actualizado Correctamente en DB.
LOG [2024-09-23T17:06:39.511Z]: Producto 7413444477014 Actualizado Correctamente en DB.
LOG [2024-09-23T17:06:40.713Z]: Producto 7413444509782 Actualizado Correctamente en DB.
LOG [2024-09-23T17:06:42.257Z]: Producto 7413444542550 Actualizado Correctamente en DB.
LOG [2024-09-23T17:06:43.394Z]: Producto 7413444575318 Actualizado Correctamente en DB.
LOG [2024-09-23T17:06:44.539Z]: Producto 7413444935766 Actualizado Correctamente en DB.
LOG [2024-09-23T17:06:45.670Z]: Producto 7413444968534 Actualizado Correctamente en DB.
LOG [2024-09-23T17:06:46.886Z]: Producto 7413445197910 Actualizado Correctamente en DB.
LOG [2024-09-23T17:06:48.059Z]: Producto 7413445361750 Actualizado Correctamente en DB.
LOG [2024-09-23T17:06:49.206Z]: Producto 7413446148182 Actualizado Correctamente en DB.
LOG [2024-09-23T17:06:50.702Z]: Producto 7413446180950 Actualizado Correctamente en DB.
LOG [2024-09-23T17:06:52.106Z]: Producto 7413446344790 Actualizado Correctamente en DB.
LOG [2024-09-23T17:06:53.318Z]: Producto 7413446377558 Actualizado Correctamente en DB.
LOG [2024-09-23T17:06:54.600Z]: Producto 7413446475862 Actualizado Correctamente en DB.
LOG [2024-09-23T17:06:56.857Z]: Producto 7413447163990 Actualizado Correctamente en DB.
LOG [2024-09-23T17:06:58.019Z]: Producto 7413447262294 Actualizado Correctamente en DB.
LOG [2024-09-23T17:06:59.112Z]: Producto 7413447295062 Actualizado Correctamente en DB.
LOG [2024-09-23T17:07:00.188Z]: Producto 7413447360598 Actualizado Correctamente en DB.
LOG [2024-09-23T17:07:01.318Z]: Producto 7413447393366 Actualizado Correctamente en DB.
LOG [2024-09-23T17:07:02.520Z]: Producto 7413447426134 Actualizado Correctamente en DB.
LOG [2024-09-23T17:14:05.025Z]: Servidor en Linea. Puerto: 3000
LOG [2024-09-23T17:14:05.676Z]: Conexión exitosa a MongoDB
LOG [2024-09-23T17:14:22.595Z]: Asignando producto 7413443199062 a colección 282433814614
LOG [2024-09-23T17:14:22.995Z]: Asignado exitosamente a colección 282433814614
LOG [2024-09-23T17:14:23.275Z]: Producto 7413443199062 Actualizado Correctamente en DB.
LOG [2024-09-23T17:14:25.456Z]: Asignando producto 7413443231830 a colección 282433814614
LOG [2024-09-23T17:14:25.822Z]: Asignado exitosamente a colección 282433814614
LOG [2024-09-23T17:14:26.112Z]: Producto 7413443231830 Actualizado Correctamente en DB.
LOG [2024-09-23T17:14:28.361Z]: Asignando producto 7413443297366 a colección 282433814614
LOG [2024-09-23T17:14:28.730Z]: Asignado exitosamente a colección 282433814614
LOG [2024-09-23T17:14:29.005Z]: Producto 7413443297366 Actualizado Correctamente en DB.
LOG [2024-09-23T17:14:31.307Z]: Asignando producto 7413443330134 a colección 282433814614
LOG [2024-09-23T17:14:31.691Z]: Asignado exitosamente a colección 282433814614
LOG [2024-09-23T17:14:31.980Z]: Producto 7413443330134 Actualizado Correctamente en DB.
LOG [2024-09-23T17:14:35.172Z]: Producto 7413443362902 Actualizado Correctamente en DB.
LOG [2024-09-23T17:14:36.296Z]: Producto 7413443395670 Actualizado Correctamente en DB.
LOG [2024-09-23T17:14:37.498Z]: Producto 7413443428438 Actualizado Correctamente en DB.
LOG [2024-09-23T17:14:38.615Z]: Producto 7413443526742 Actualizado Correctamente en DB.
LOG [2024-09-23T17:14:39.801Z]: Producto 7413443756118 Actualizado Correctamente en DB.
LOG [2024-09-23T17:14:41.464Z]: Producto 7413443821654 Actualizado Correctamente en DB.
LOG [2024-09-23T17:14:42.644Z]: Producto 7413443854422 Actualizado Correctamente en DB.
LOG [2024-09-23T17:14:43.741Z]: Producto 7413443919958 Actualizado Correctamente en DB.
LOG [2024-09-23T17:14:44.856Z]: Producto 7413443952726 Actualizado Correctamente en DB.
LOG [2024-09-23T17:14:47.393Z]: Producto 7413444051030 Actualizado Correctamente en DB.
LOG [2024-09-23T17:14:48.548Z]: Producto 7413444083798 Actualizado Correctamente en DB.
LOG [2024-09-23T17:14:49.648Z]: Producto 7413444116566 Actualizado Correctamente en DB.
LOG [2024-09-23T17:14:50.722Z]: Producto 7413444214870 Actualizado Correctamente en DB.
LOG [2024-09-23T17:14:52.597Z]: Producto 7413444247638 Actualizado Correctamente en DB.
LOG [2024-09-23T17:14:53.706Z]: Producto 7413444280406 Actualizado Correctamente en DB.
LOG [2024-09-23T17:14:54.873Z]: Producto 7413444313174 Actualizado Correctamente en DB.
LOG [2024-09-23T17:14:56.260Z]: Producto 7413444345942 Actualizado Correctamente en DB.
LOG [2024-09-23T17:14:57.388Z]: Producto 7413444378710 Actualizado Correctamente en DB.
LOG [2024-09-23T17:14:59.328Z]: Producto 7413444444246 Actualizado Correctamente en DB.
LOG [2024-09-23T17:15:00.473Z]: Producto 7413444477014 Actualizado Correctamente en DB.
LOG [2024-09-23T17:15:24.568Z]: Servidor en Linea. Puerto: 3000
LOG [2024-09-23T17:15:25.229Z]: Conexión exitosa a MongoDB
LOG [2024-09-23T17:15:30.271Z]: Producto 7413443199062 Actualizado Correctamente en DB.
LOG [2024-09-23T17:15:31.342Z]: Producto 7413443231830 Actualizado Correctamente en DB.
LOG [2024-09-23T17:15:32.490Z]: Producto 7413443297366 Actualizado Correctamente en DB.
LOG [2024-09-23T17:15:34.595Z]: Producto 7413443330134 Actualizado Correctamente en DB.
LOG [2024-09-23T17:15:36.525Z]: Producto 7413443362902 Actualizado Correctamente en DB.
LOG [2024-09-23T17:15:37.583Z]: Producto 7413443395670 Actualizado Correctamente en DB.
LOG [2024-09-23T17:15:38.618Z]: Producto 7413443428438 Actualizado Correctamente en DB.
LOG [2024-09-23T17:15:40.805Z]: Producto 7413443526742 Actualizado Correctamente en DB.
LOG [2024-09-23T17:15:41.926Z]: Producto 7413443756118 Actualizado Correctamente en DB.
LOG [2024-09-23T17:15:43.642Z]: Producto 7413443821654 Actualizado Correctamente en DB.
LOG [2024-09-23T17:15:44.729Z]: Producto 7413443854422 Actualizado Correctamente en DB.
LOG [2024-09-23T17:15:46.826Z]: Producto 7413443919958 Actualizado Correctamente en DB.
LOG [2024-09-23T17:15:47.932Z]: Producto 7413443952726 Actualizado Correctamente en DB.
LOG [2024-09-23T17:15:50.324Z]: Producto 7413444051030 Actualizado Correctamente en DB.
LOG [2024-09-23T17:15:52.089Z]: Producto 7413444083798 Actualizado Correctamente en DB.
LOG [2024-09-23T17:15:53.175Z]: Producto 7413444116566 Actualizado Correctamente en DB.
LOG [2024-09-23T17:15:54.253Z]: Producto 7413444214870 Actualizado Correctamente en DB.
LOG [2024-09-23T17:15:57.424Z]: Producto 7413444247638 Actualizado Correctamente en DB.
LOG [2024-09-23T17:15:58.741Z]: Producto 7413444280406 Actualizado Correctamente en DB.
LOG [2024-09-23T17:15:59.825Z]: Producto 7413444313174 Actualizado Correctamente en DB.
LOG [2024-09-23T17:16:01.166Z]: Producto 7413444345942 Actualizado Correctamente en DB.
LOG [2024-09-23T17:16:02.221Z]: Producto 7413444378710 Actualizado Correctamente en DB.
LOG [2024-09-23T17:16:03.506Z]: Producto 7413444444246 Actualizado Correctamente en DB.
LOG [2024-09-23T17:16:04.591Z]: Producto 7413444477014 Actualizado Correctamente en DB.
LOG [2024-09-23T17:16:05.833Z]: Producto 7413444509782 Actualizado Correctamente en DB.
LOG [2024-09-23T17:16:07.036Z]: Producto 7413444542550 Actualizado Correctamente en DB.
LOG [2024-09-23T17:16:08.167Z]: Producto 7413444575318 Actualizado Correctamente en DB.
LOG [2024-09-23T17:16:10.331Z]: Producto 7413444935766 Actualizado Correctamente en DB.
LOG [2024-09-23T17:16:12.130Z]: Producto 7413444968534 Actualizado Correctamente en DB.
LOG [2024-09-23T17:16:13.291Z]: Producto 7413445197910 Actualizado Correctamente en DB.
LOG [2024-09-23T17:16:14.579Z]: Producto 7413445361750 Actualizado Correctamente en DB.
LOG [2024-09-23T17:16:15.713Z]: Producto 7413446148182 Actualizado Correctamente en DB.
LOG [2024-09-23T17:16:21.827Z]: Producto 7413446180950 Actualizado Correctamente en DB.
LOG [2024-09-23T17:16:23.168Z]: Producto 7413446344790 Actualizado Correctamente en DB.
LOG [2024-09-23T17:16:25.291Z]: Producto 7413446377558 Actualizado Correctamente en DB.
LOG [2024-09-23T17:16:27.488Z]: Producto 7413446475862 Actualizado Correctamente en DB.
LOG [2024-09-23T17:16:29.322Z]: Producto 7413447163990 Actualizado Correctamente en DB.
LOG [2024-09-23T17:16:30.653Z]: Producto 7413447262294 Actualizado Correctamente en DB.
LOG [2024-09-23T17:16:31.775Z]: Producto 7413447295062 Actualizado Correctamente en DB.
LOG [2024-09-23T17:16:32.897Z]: Producto 7413447360598 Actualizado Correctamente en DB.
LOG [2024-09-23T17:16:34.091Z]: Producto 7413447393366 Actualizado Correctamente en DB.
LOG [2024-09-23T17:16:35.505Z]: Producto 7413447426134 Actualizado Correctamente en DB.
LOG [2024-09-23T17:16:36.711Z]: Producto 7413447458902 Actualizado Correctamente en DB.
LOG [2024-09-23T17:16:37.827Z]: Producto 7413447524438 Actualizado Correctamente en DB.
LOG [2024-09-23T17:16:38.851Z]: Producto 7413447557206 Actualizado Correctamente en DB.
LOG [2024-09-23T17:16:40.144Z]: Producto 7413447589974 Actualizado Correctamente en DB.
LOG [2024-09-23T17:16:41.217Z]: Producto 7413447622742 Actualizado Correctamente en DB.
LOG [2024-09-23T17:16:42.575Z]: Producto 7413447688278 Actualizado Correctamente en DB.
LOG [2024-09-23T17:16:43.673Z]: Producto 7413447721046 Actualizado Correctamente en DB.
LOG [2024-09-23T17:16:44.953Z]: Producto 7413447753814 Actualizado Correctamente en DB.
LOG [2024-09-23T17:16:47.014Z]: Producto 7413447786582 Actualizado Correctamente en DB.
LOG [2024-09-23T17:16:48.262Z]: Producto 7413447884886 Actualizado Correctamente en DB.
LOG [2024-09-23T17:16:49.384Z]: Producto 7413447917654 Actualizado Correctamente en DB.
LOG [2024-09-23T17:16:50.503Z]: Producto 7413447950422 Actualizado Correctamente en DB.
LOG [2024-09-23T17:16:51.661Z]: Producto 7413447983190 Actualizado Correctamente en DB.
LOG [2024-09-23T17:16:52.759Z]: Producto 7413448048726 Actualizado Correctamente en DB.
LOG [2024-09-23T17:16:56.070Z]: Producto 7413448081494 Actualizado Correctamente en DB.
LOG [2024-09-23T17:16:57.794Z]: Producto 7413448114262 Actualizado Correctamente en DB.
LOG [2024-09-23T17:16:58.921Z]: Producto 7413448147030 Actualizado Correctamente en DB.
LOG [2024-09-23T17:17:00.014Z]: Producto 7413448179798 Actualizado Correctamente en DB.
LOG [2024-09-23T17:17:01.045Z]: Producto 7413448245334 Actualizado Correctamente en DB.
LOG [2024-09-23T17:17:02.197Z]: Producto 7413448310870 Actualizado Correctamente en DB.
LOG [2024-09-23T17:17:03.963Z]: Producto 7413448343638 Actualizado Correctamente en DB.
LOG [2024-09-23T17:17:05.413Z]: Producto 7413448376406 Actualizado Correctamente en DB.
LOG [2024-09-23T17:17:06.587Z]: Producto 7413448409174 Actualizado Correctamente en DB.
LOG [2024-09-23T17:17:08.469Z]: Producto 7413448441942 Actualizado Correctamente en DB.
LOG [2024-09-23T17:17:10.622Z]: Producto 7413448474710 Actualizado Correctamente en DB.
LOG [2024-09-23T17:17:11.808Z]: Producto 7413448540246 Actualizado Correctamente en DB.
LOG [2024-09-23T17:17:12.866Z]: Producto 7413448573014 Actualizado Correctamente en DB.
LOG [2024-09-23T17:17:13.910Z]: Producto 7413448605782 Actualizado Correctamente en DB.
LOG [2024-09-23T17:17:14.953Z]: Producto 7413448671318 Actualizado Correctamente en DB.
LOG [2024-09-23T17:17:15.988Z]: Producto 7413448704086 Actualizado Correctamente en DB.
LOG [2024-09-23T17:17:17.329Z]: Producto 7413448736854 Actualizado Correctamente en DB.
LOG [2024-09-23T17:17:18.525Z]: Producto 7413448802390 Actualizado Correctamente en DB.
LOG [2024-09-23T17:17:19.659Z]: Producto 7413448835158 Actualizado Correctamente en DB.
LOG [2024-09-23T17:17:20.876Z]: Producto 7413448867926 Actualizado Correctamente en DB.
LOG [2024-09-23T17:17:21.911Z]: Producto 7413448900694 Actualizado Correctamente en DB.
LOG [2024-09-23T17:17:23.222Z]: Producto 7413448933462 Actualizado Correctamente en DB.
LOG [2024-09-23T17:17:25.310Z]: Producto 7413448966230 Actualizado Correctamente en DB.
LOG [2024-09-23T17:17:26.396Z]: Producto 7413448998998 Actualizado Correctamente en DB.
LOG [2024-09-23T17:17:27.537Z]: Producto 7413449031766 Actualizado Correctamente en DB.
LOG [2024-09-23T17:17:28.722Z]: Producto 7413449064534 Actualizado Correctamente en DB.
LOG [2024-09-23T17:17:29.719Z]: Producto 7413449130070 Actualizado Correctamente en DB.
LOG [2024-09-23T17:17:30.795Z]: Producto 7413449162838 Actualizado Correctamente en DB.
LOG [2024-09-23T17:17:32.110Z]: Producto 7413449195606 Actualizado Correctamente en DB.
LOG [2024-09-23T17:17:33.238Z]: Producto 7413449228374 Actualizado Correctamente en DB.
LOG [2024-09-23T17:17:34.404Z]: Producto 7413449392214 Actualizado Correctamente en DB.
LOG [2024-09-23T17:17:35.730Z]: Producto 7413449588822 Actualizado Correctamente en DB.
LOG [2024-09-23T17:17:36.845Z]: Producto 7413449621590 Actualizado Correctamente en DB.
LOG [2024-09-23T17:17:37.929Z]: Producto 7413449654358 Actualizado Correctamente en DB.
LOG [2024-09-23T17:17:39.499Z]: Producto 7413449687126 Actualizado Correctamente en DB.
LOG [2024-09-23T17:17:40.602Z]: Producto 7413449719894 Actualizado Correctamente en DB.
LOG [2024-09-23T17:17:41.854Z]: Producto 7413449785430 Actualizado Correctamente en DB.
LOG [2024-09-23T17:17:42.930Z]: Producto 7413449818198 Actualizado Correctamente en DB.
LOG [2024-09-23T17:17:44.023Z]: Producto 7413449850966 Actualizado Correctamente en DB.
LOG [2024-09-23T17:17:45.104Z]: Producto 7413449916502 Actualizado Correctamente en DB.
LOG [2024-09-23T17:17:46.448Z]: Producto 7413449949270 Actualizado Correctamente en DB.
LOG [2024-09-23T17:17:47.490Z]: Producto 7413449982038 Actualizado Correctamente en DB.
LOG [2024-09-23T17:17:48.702Z]: Producto 7413450014806 Actualizado Correctamente en DB.
LOG [2024-09-23T17:17:49.835Z]: Producto 7413450047574 Actualizado Correctamente en DB.
LOG [2024-09-23T17:17:50.970Z]: Producto 7413450080342 Actualizado Correctamente en DB.
LOG [2024-09-23T17:17:52.378Z]: Producto 7413450113110 Actualizado Correctamente en DB.
LOG [2024-09-23T17:17:53.427Z]: Producto 7413450145878 Actualizado Correctamente en DB.
LOG [2024-09-23T17:17:54.576Z]: Producto 7413450244182 Actualizado Correctamente en DB.
LOG [2024-09-23T17:17:55.859Z]: Producto 7413450309718 Actualizado Correctamente en DB.
LOG [2024-09-23T17:17:57.039Z]: Producto 7413450342486 Actualizado Correctamente en DB.
LOG [2024-09-23T17:17:58.522Z]: Producto 7413450408022 Actualizado Correctamente en DB.
LOG [2024-09-23T17:17:59.841Z]: Producto 7413450440790 Actualizado Correctamente en DB.
LOG [2024-09-23T17:18:00.898Z]: Producto 7413450473558 Actualizado Correctamente en DB.
LOG [2024-09-23T17:18:02.096Z]: Producto 7413450506326 Actualizado Correctamente en DB.
LOG [2024-09-23T17:18:03.293Z]: Producto 7413450539094 Actualizado Correctamente en DB.
LOG [2024-09-23T17:18:04.484Z]: Producto 7413450571862 Actualizado Correctamente en DB.
LOG [2024-09-23T17:18:06.908Z]: Producto 7413450604630 Actualizado Correctamente en DB.
LOG [2024-09-23T17:18:07.962Z]: Producto 7413450637398 Actualizado Correctamente en DB.
LOG [2024-09-23T17:18:09.198Z]: Producto 7413450670166 Actualizado Correctamente en DB.
LOG [2024-09-23T17:18:10.342Z]: Producto 7413450702934 Actualizado Correctamente en DB.
LOG [2024-09-23T17:18:11.404Z]: Producto 7413450735702 Actualizado Correctamente en DB.
LOG [2024-09-23T17:18:12.522Z]: Producto 7413450768470 Actualizado Correctamente en DB.
LOG [2024-09-23T17:18:14.028Z]: Producto 7413450801238 Actualizado Correctamente en DB.
LOG [2024-09-23T17:18:15.208Z]: Producto 7413450899542 Actualizado Correctamente en DB.
LOG [2024-09-23T17:18:16.252Z]: Producto 7413450932310 Actualizado Correctamente en DB.
LOG [2024-09-23T17:18:17.611Z]: Producto 7413450997846 Actualizado Correctamente en DB.
LOG [2024-09-23T17:18:18.610Z]: Producto 7413451096150 Actualizado Correctamente en DB.
LOG [2024-09-23T17:18:20.702Z]: Producto 7413451227222 Actualizado Correctamente en DB.
LOG [2024-09-23T17:18:22.859Z]: Producto 7413451292758 Actualizado Correctamente en DB.
LOG [2024-09-23T17:18:24.046Z]: Producto 7413451325526 Actualizado Correctamente en DB.
LOG [2024-09-23T17:18:25.137Z]: Producto 7413451423830 Actualizado Correctamente en DB.
LOG [2024-09-23T17:18:26.256Z]: Producto 7413451489366 Actualizado Correctamente en DB.
LOG [2024-09-23T17:18:27.384Z]: Producto 7413451522134 Actualizado Correctamente en DB.
LOG [2024-09-23T17:18:28.556Z]: Producto 7413451587670 Actualizado Correctamente en DB.
LOG [2024-09-23T17:18:29.614Z]: Producto 7413451620438 Actualizado Correctamente en DB.
LOG [2024-09-23T17:18:30.764Z]: Producto 7413451653206 Actualizado Correctamente en DB.
LOG [2024-09-23T17:18:32.430Z]: Producto 7413451882582 Actualizado Correctamente en DB.
LOG [2024-09-23T17:18:33.583Z]: Producto 7413451948118 Actualizado Correctamente en DB.
LOG [2024-09-23T17:18:35.688Z]: Producto 7413452013654 Actualizado Correctamente en DB.
LOG [2024-09-23T17:18:37.594Z]: Producto 7413452079190 Actualizado Correctamente en DB.
LOG [2024-09-23T17:18:39.416Z]: Producto 7413452177494 Actualizado Correctamente en DB.
LOG [2024-09-23T17:18:40.515Z]: Producto 7413452374102 Actualizado Correctamente en DB.
LOG [2024-09-23T17:18:41.801Z]: Producto 7413452439638 Actualizado Correctamente en DB.
LOG [2024-09-23T17:18:42.953Z]: Producto 7413452505174 Actualizado Correctamente en DB.
LOG [2024-09-23T17:18:44.469Z]: Producto 7413452537942 Actualizado Correctamente en DB.
LOG [2024-09-23T17:18:45.674Z]: Producto 7413452570710 Actualizado Correctamente en DB.
LOG [2024-09-23T17:18:46.907Z]: Producto 7413452603478 Actualizado Correctamente en DB.
LOG [2024-09-23T17:18:48.081Z]: Producto 7413452669014 Actualizado Correctamente en DB.
LOG [2024-09-23T17:18:49.405Z]: Producto 7413452767318 Actualizado Correctamente en DB.
LOG [2024-09-23T17:18:51.099Z]: Producto 7413452800086 Actualizado Correctamente en DB.
LOG [2024-09-23T17:18:52.178Z]: Producto 7413452898390 Actualizado Correctamente en DB.
LOG [2024-09-23T17:18:53.414Z]: Producto 7413452931158 Actualizado Correctamente en DB.
LOG [2024-09-23T17:18:54.523Z]: Producto 7413452996694 Actualizado Correctamente en DB.
LOG [2024-09-23T17:18:55.658Z]: Producto 7413453029462 Actualizado Correctamente en DB.
LOG [2024-09-23T17:18:56.822Z]: Producto 7413453094998 Actualizado Correctamente en DB.
LOG [2024-09-23T17:18:57.873Z]: Producto 7413453160534 Actualizado Correctamente en DB.
LOG [2024-09-23T17:18:58.936Z]: Producto 7413453226070 Actualizado Correctamente en DB.
LOG [2024-09-23T17:19:00.052Z]: Producto 7413453258838 Actualizado Correctamente en DB.
LOG [2024-09-23T17:19:02.254Z]: Producto 7413453291606 Actualizado Correctamente en DB.
LOG [2024-09-23T17:19:03.505Z]: Producto 7413453422678 Actualizado Correctamente en DB.
LOG [2024-09-23T17:19:04.658Z]: Producto 7413453455446 Actualizado Correctamente en DB.
LOG [2024-09-23T17:19:05.787Z]: Producto 7413453586518 Actualizado Correctamente en DB.
LOG [2024-09-23T17:19:06.878Z]: Producto 7413453619286 Actualizado Correctamente en DB.
LOG [2024-09-23T17:19:07.886Z]: Producto 7413453652054 Actualizado Correctamente en DB.
LOG [2024-09-23T17:19:09.187Z]: Producto 7413453684822 Actualizado Correctamente en DB.
LOG [2024-09-23T17:20:05.648Z]: Servidor en Linea. Puerto: 3000
LOG [2024-09-23T17:20:06.302Z]: Conexión exitosa a MongoDB
LOG [2024-09-23T17:21:23.291Z]: Servidor en Linea. Puerto: 3000
LOG [2024-09-23T17:21:23.986Z]: Conexión exitosa a MongoDB
LOG [2024-09-23T17:21:28.680Z]: 872
LOG [2024-09-23T17:21:29.587Z]: Servidor en Linea. Puerto: 3000
LOG [2024-09-23T17:21:29.987Z]: Conexión exitosa a MongoDB
LOG [2024-09-23T17:22:15.112Z]: 872
LOG [2024-09-23T17:22:15.959Z]: Servidor en Linea. Puerto: 3000
LOG [2024-09-23T17:22:16.358Z]: Conexión exitosa a MongoDB
